<?xml version="1.0" encoding="UTF-8"?>
<!-- Generated by org.testng.reporters.JUnitReportReporter -->
<testsuite hostname="MCFL-1NSZXQ3" failures="0" tests="3" name="CreateApi.Create1" time="27.621" errors="0" timestamp="2022-11-22T09:26:56 IST" skipped="0">
  <testcase classname="CreateApi.Create1" name="CreateApis" time="6.396"/>
  <system-out/>
  <testcase classname="CreateApi.Create1" name="CreateApis" time="16.123"/>
  <system-out/>
  <testcase classname="CreateApi.Create1" name="CreateApis" time="5.102"/>
  <system-out/>
</testsuite> <!-- CreateApi.Create1 -->
