<?xml version="1.0" encoding="UTF-8"?>
<!-- Generated by org.testng.reporters.JUnitReportReporter -->
<testsuite hostname="MCFL-1NSZXQ3" failures="0" tests="1" name="CreateApi.Create2" time="12.906" errors="0" timestamp="2022-11-23T13:02:26 IST" skipped="0">
  <testcase classname="CreateApi.Create2" name="CreateApis" time="12.906"/>
  <system-out/>
</testsuite> <!-- CreateApi.Create2 -->
