<?xml version="1.0" encoding="UTF-8"?>
<!-- Generated by org.testng.reporters.JUnitReportReporter -->
<testsuite hostname="MCFL-1NSZXQ3" failures="0" tests="1" name="com.mcf.createapi.Create2" time="6.425" errors="0" timestamp="2022-12-28T15:15:40 IST" skipped="0">
  <testcase classname="com.mcf.createapi.Create2" name="CreateApis" time="6.425"/>
  <system-out/>
</testsuite> <!-- com.mcf.createapi.Create2 -->
