<?xml version="1.0" encoding="UTF-8"?>
<!-- Generated by org.testng.reporters.JUnitReportReporter -->
<testsuite hostname="MCFL-1NSZXQ3" failures="0" tests="1" name="CreateApi.Create11" time="5.794" errors="0" timestamp="2022-11-24T09:59:22 IST" skipped="0">
  <testcase classname="CreateApi.Create11" name="CreateApis" time="5.794"/>
  <system-out/>
</testsuite> <!-- CreateApi.Create11 -->
