<?xml version="1.0" encoding="UTF-8"?>
<!-- Generated by org.testng.reporters.JUnitReportReporter -->
<testsuite hostname="MCFL-1NSZXQ3" failures="0" tests="3" name="CreateApi.Create" time="20.944" errors="0" timestamp="2022-11-21T16:51:38 IST" skipped="0">
  <testcase classname="CreateApi.Create" name="CreateApis" time="6.333"/>
  <system-out/>
  <testcase classname="CreateApi.Create" name="CreateApis" time="6.535"/>
  <system-out/>
  <testcase classname="CreateApi.Create" name="CreateApis" time="8.076"/>
  <system-out/>
</testsuite> <!-- CreateApi.Create -->
